<?xml version="1.0" encoding="UTF-8"?>
<!-- Generated by org.testng.reporters.JUnitXMLReporter -->
<testsuite ignored="0" hostname="Rajen-PC" failures="0" tests="4" name="Test" time="71.329" errors="0" timestamp="2020-10-25T07:52:45 IST">
  <testcase classname="Selenium.ValidateTitle" name="basePageNavigation" time="0.077"/>
  <testcase classname="Selenium.ValidateNavigationBar" name="basePageNavigation" time="0.251"/>
  <testcase classname="Selenium.HomePage" name="basePageNavigation" time="36.201"/>
  <testcase classname="Selenium.HomePage" name="basePageNavigation" time="9.862"/>
</testsuite> <!-- Test -->
