<?xml version="1.0" encoding="UTF-8"?>
<testsuite xmlns:xsi="http://www.w3.org/2001/XMLSchema-instance" xsi:noNamespaceSchemaLocation="https://maven.apache.org/surefire/maven-surefire-plugin/xsd/surefire-test-report-3.0.xsd" version="3.0" name="TestSuite" time="47.699" tests="3" errors="0" skipped="0" failures="0">
  <properties>
[...]
</properties>
  <testcase name="basePageNavigation" classname="Selenium.ValidateNavigationBar" time="0.421">
    <system-out><![CDATA[chromeheadless
chromeheadless
chromeheadless
]]></system-out>
    <system-err><![CDATA[Starting ChromeSDrtiaverrt i85n.g0. 4C18h3r.8o7m (ecDd6r71i3vebefr92 f8a15c.ac0c.0f41a158983d.f82870 09(3acf0dc65d7137e-brfef9s/2brfaan1chc-haecadcs0/4f1813a@{5#91688d9}f)2 o8n 0p0or9t 38a6f000c
O5ndly7 l-orcaelf cso/nnbecrtiaonnsc ahre- halelaowdesd./
P4le1a8se3 s@e{e #h1tt6p8s:9/}/)ch roomned rpioverrt.c h2ro7m4i7um5.or
gO/snecluyr itly-ococnasilde rcatoinonns efocr tsiugognesst iaonrse o na lkeleopiwnge Cdhr.ome
DPrilveer assafee. s
ee https://chromedriver.chromium.org/security-considerations for suggestions on keeping ChromeDriver safe.
ChromeDriver was started successfully.
Starting ChromeDriver 85.0.4183.87 (cd6713ebf92fa1cacc0f1a598df280093af0c5d7-refs/branch-heads/4183@{#1689}) on port 26751
Only local connections are allowed.
Please see https://chromedriver.chromium.org/security-considerations for suggestions on keeping ChromeDriver safe.
ChromeDriver was started successfully.
ChromeDriver was started successfully.
[1603653364.500][WARNING]: This version of ChromeDriver has not been tested with Chrome version 86.
[1603653364.575][WARNING]: This version of ChromeDriver has not been tested with Chrome version 86.
[1603653364.575][WARNING]: This version of ChromeDriver has not been tested with Chrome version 86.
Oct 26, 2020 12:46:05 AM org.openqa.selenium.remote.ProtocolHandshake createSession
INFO: Detected dialect: W3C
Oct 26, 2020 12:46:05 AM org.openqa.selenium.remote.ProtocolHandshake createSession
INFO: Detected dialect: W3C
Oct 26, 2020 12:46:05 AM org.openqa.selenium.remote.ProtocolHandshake createSession
INFO: Detected dialect: W3C
]]></system-err>
  </testcase>
  <testcase name="basePageNavigation[qwerty@test.com, qwerty, 1st user](1)" classname="Selenium.HomePage" time="4.937"/>
  <testcase name="basePageNavigation[asdf@test.com, asdf, 2nd user](2)" classname="Selenium.HomePage" time="4.473"/>
</testsuite>