<?xml version="1.0" encoding="UTF-8"?>
<testng-results ignored="0" total="3" passed="3" failed="0" skipped="0">
  <reporter-output>
  </reporter-output>
  <suite started-at="2020-10-26T00:45:56 IST" name="Suite" finished-at="2020-10-26T00:46:43 IST" duration-ms="46141">
    <groups>
    </groups>
    <test started-at="2020-10-26T00:45:56 IST" name="NavBarValidation" finished-at="2020-10-26T00:46:32 IST" duration-ms="35582">
      <class name="Selenium.ValidateNavigationBar">
        <test-method is-config="true" signature="initializeBrowser()[pri:0, instance:Selenium.ValidateNavigationBar@13cf7d52]" started-at="2020-10-26T00:45:56 IST" name="initializeBrowser" finished-at="2020-10-26T00:46:31 IST" duration-ms="34850" status="PASS">
          <reporter-output>
          </reporter-output>
        </test-method> <!-- initializeBrowser -->
        <test-method signature="basePageNavigation()[pri:0, instance:Selenium.ValidateNavigationBar@13cf7d52]" started-at="2020-10-26T00:46:31 IST" name="basePageNavigation" finished-at="2020-10-26T00:46:32 IST" duration-ms="416" status="PASS">
          <reporter-output>
          </reporter-output>
        </test-method> <!-- basePageNavigation -->
        <test-method is-config="true" signature="closeBrowser()[pri:0, instance:Selenium.ValidateNavigationBar@13cf7d52]" started-at="2020-10-26T00:46:32 IST" name="closeBrowser" finished-at="2020-10-26T00:46:32 IST" duration-ms="303" status="PASS">
          <reporter-output>
          </reporter-output>
        </test-method> <!-- closeBrowser -->
      </class> <!-- Selenium.ValidateNavigationBar -->
    </test> <!-- NavBarValidation -->
    <test started-at="2020-10-26T00:45:56 IST" name="VerifyHomePage" finished-at="2020-10-26T00:46:43 IST" duration-ms="46140">
      <class name="Selenium.HomePage">
        <test-method is-config="true" signature="initializeBrowser()[pri:0, instance:Selenium.HomePage@6035b93b]" started-at="2020-10-26T00:45:56 IST" name="initializeBrowser" finished-at="2020-10-26T00:46:06 IST" duration-ms="10020" status="PASS">
          <reporter-output>
          </reporter-output>
        </test-method> <!-- initializeBrowser -->
        <test-method signature="basePageNavigation(java.lang.String, java.lang.String, java.lang.String)[pri:0, instance:Selenium.HomePage@6035b93b]" started-at="2020-10-26T00:46:06 IST" name="basePageNavigation" data-provider="getData" finished-at="2020-10-26T00:46:38 IST" duration-ms="31540" status="PASS">
          <params>
            <param index="0">
              <value>
                <![CDATA[qwerty@test.com]]>
              </value>
            </param>
            <param index="1">
              <value>
                <![CDATA[qwerty]]>
              </value>
            </param>
            <param index="2">
              <value>
                <![CDATA[1st user]]>
              </value>
            </param>
          </params>
          <reporter-output>
          </reporter-output>
        </test-method> <!-- basePageNavigation -->
        <test-method signature="basePageNavigation(java.lang.String, java.lang.String, java.lang.String)[pri:0, instance:Selenium.HomePage@6035b93b]" started-at="2020-10-26T00:46:38 IST" name="basePageNavigation" data-provider="getData" finished-at="2020-10-26T00:46:42 IST" duration-ms="4474" status="PASS">
          <params>
            <param index="0">
              <value>
                <![CDATA[asdf@test.com]]>
              </value>
            </param>
            <param index="1">
              <value>
                <![CDATA[asdf]]>
              </value>
            </param>
            <param index="2">
              <value>
                <![CDATA[2nd user]]>
              </value>
            </param>
          </params>
          <reporter-output>
          </reporter-output>
        </test-method> <!-- basePageNavigation -->
        <test-method is-config="true" signature="closeBrowser()[pri:0, instance:Selenium.HomePage@6035b93b]" started-at="2020-10-26T00:46:42 IST" name="closeBrowser" finished-at="2020-10-26T00:46:43 IST" duration-ms="63" status="PASS">
          <reporter-output>
          </reporter-output>
        </test-method> <!-- closeBrowser -->
      </class> <!-- Selenium.HomePage -->
    </test> <!-- VerifyHomePage -->
  </suite> <!-- Suite -->
</testng-results>
